#! /usr/share/iverilog-0.9.7/bin/vvp
:ivl_version "0.9.7 " "(v0_9_6)";
:vpi_time_precision + 0;
:vpi_module "system";
:vpi_module "v2005_math";
:vpi_module "va_math";
S_0x1c58e40 .scope module, "test" "test" 2 1;
 .timescale 0 0;
v0x1c90900_0 .var "clk", 0 0;
RS_0x7f89bbcd8288 .resolv tri, L_0x1c90ad0, L_0x1c90c50, L_0x1c90ee0, L_0x1c91160;
v0x1c909a0_0 .net8 "q", 3 0, RS_0x7f89bbcd8288; 4 drivers
v0x1c90a50_0 .var "reset", 0 0;
S_0x1c6abe0 .scope module, "rcc" "ripple_carry_counter" 2 7, 3 19, S_0x1c58e40;
 .timescale 0 0;
L_0x1c90b70 .functor NOT 1, v0x1c90900_0, C4<0>, C4<0>, C4<0>;
L_0x1c90e50 .functor NOT 1, L_0x1c90cf0, C4<0>, C4<0>, C4<0>;
L_0x1c91080 .functor NOT 1, L_0x1c90fb0, C4<0>, C4<0>, C4<0>;
L_0x1c90dc0 .functor NOT 1, L_0x1c91240, C4<0>, C4<0>, C4<0>;
v0x1c90460_0 .net *"_s13", 0 0, L_0x1c90fb0; 1 drivers
v0x1c90520_0 .net *"_s19", 0 0, L_0x1c91240; 1 drivers
v0x1c905c0_0 .net *"_s7", 0 0, L_0x1c90cf0; 1 drivers
v0x1c90660_0 .net "clk", 0 0, v0x1c90900_0; 1 drivers
v0x1c90710_0 .alias "q", 3 0, v0x1c909a0_0;
v0x1c907b0_0 .net "reset", 0 0, v0x1c90a50_0; 1 drivers
L_0x1c90ad0 .part/pv v0x1c90340_0, 0, 1, 4;
L_0x1c90c50 .part/pv v0x1c8ffe0_0, 1, 1, 4;
L_0x1c90cf0 .part RS_0x7f89bbcd8288, 0, 1;
L_0x1c90ee0 .part/pv v0x1c8fc90_0, 2, 1, 4;
L_0x1c90fb0 .part RS_0x7f89bbcd8288, 1, 1;
L_0x1c91160 .part/pv v0x1c8f930_0, 3, 1, 4;
L_0x1c91240 .part RS_0x7f89bbcd8288, 2, 1;
S_0x1c90150 .scope module, "tff0" "tff" 3 24, 3 2, S_0x1c6abe0;
 .timescale 0 0;
v0x1c90280_0 .net "clk", 0 0, L_0x1c90b70; 1 drivers
v0x1c90340_0 .var "q", 0 0;
v0x1c903e0_0 .alias "reset", 0 0, v0x1c907b0_0;
E_0x1c8fdb0 .event posedge, v0x1c90280_0, v0x1c8f9d0_0;
S_0x1c8fde0 .scope module, "tff1" "tff" 3 25, 3 2, S_0x1c6abe0;
 .timescale 0 0;
v0x1c8ff20_0 .net "clk", 0 0, L_0x1c90e50; 1 drivers
v0x1c8ffe0_0 .var "q", 0 0;
v0x1c90080_0 .alias "reset", 0 0, v0x1c907b0_0;
E_0x1c8fed0 .event posedge, v0x1c8ff20_0, v0x1c8f9d0_0;
S_0x1c8fa70 .scope module, "tff2" "tff" 3 26, 3 2, S_0x1c6abe0;
 .timescale 0 0;
v0x1c8fbd0_0 .net "clk", 0 0, L_0x1c91080; 1 drivers
v0x1c8fc90_0 .var "q", 0 0;
v0x1c8fd30_0 .alias "reset", 0 0, v0x1c907b0_0;
E_0x1c8fb60 .event posedge, v0x1c8fbd0_0, v0x1c8f9d0_0;
S_0x1c57ea0 .scope module, "tff3" "tff" 3 27, 3 2, S_0x1c6abe0;
 .timescale 0 0;
v0x1c69720_0 .net "clk", 0 0, L_0x1c90dc0; 1 drivers
v0x1c8f930_0 .var "q", 0 0;
v0x1c8f9d0_0 .alias "reset", 0 0, v0x1c907b0_0;
E_0x1c69170 .event posedge, v0x1c69720_0, v0x1c8f9d0_0;
    .scope S_0x1c90150;
T_0 ;
    %wait E_0x1c8fdb0;
    %load/v 8, v0x1c903e0_0, 1;
    %jmp/0xz  T_0.0, 8;
    %ix/load 0, 1, 0;
    %assign/v0 v0x1c90340_0, 0, 0;
    %jmp T_0.1;
T_0.0 ;
    %load/v 8, v0x1c90340_0, 1;
    %inv 8, 1;
    %ix/load 0, 1, 0;
    %assign/v0 v0x1c90340_0, 0, 8;
T_0.1 ;
    %jmp T_0;
    .thread T_0;
    .scope S_0x1c8fde0;
T_1 ;
    %wait E_0x1c8fed0;
    %load/v 8, v0x1c90080_0, 1;
    %jmp/0xz  T_1.0, 8;
    %ix/load 0, 1, 0;
    %assign/v0 v0x1c8ffe0_0, 0, 0;
    %jmp T_1.1;
T_1.0 ;
    %load/v 8, v0x1c8ffe0_0, 1;
    %inv 8, 1;
    %ix/load 0, 1, 0;
    %assign/v0 v0x1c8ffe0_0, 0, 8;
T_1.1 ;
    %jmp T_1;
    .thread T_1;
    .scope S_0x1c8fa70;
T_2 ;
    %wait E_0x1c8fb60;
    %load/v 8, v0x1c8fd30_0, 1;
    %jmp/0xz  T_2.0, 8;
    %ix/load 0, 1, 0;
    %assign/v0 v0x1c8fc90_0, 0, 0;
    %jmp T_2.1;
T_2.0 ;
    %load/v 8, v0x1c8fc90_0, 1;
    %inv 8, 1;
    %ix/load 0, 1, 0;
    %assign/v0 v0x1c8fc90_0, 0, 8;
T_2.1 ;
    %jmp T_2;
    .thread T_2;
    .scope S_0x1c57ea0;
T_3 ;
    %wait E_0x1c69170;
    %load/v 8, v0x1c8f9d0_0, 1;
    %jmp/0xz  T_3.0, 8;
    %ix/load 0, 1, 0;
    %assign/v0 v0x1c8f930_0, 0, 0;
    %jmp T_3.1;
T_3.0 ;
    %load/v 8, v0x1c8f930_0, 1;
    %inv 8, 1;
    %ix/load 0, 1, 0;
    %assign/v0 v0x1c8f930_0, 0, 8;
T_3.1 ;
    %jmp T_3;
    .thread T_3;
    .scope S_0x1c58e40;
T_4 ;
    %vpi_call 2 10 "$dumpfile", "dump.vcd";
    %vpi_call 2 11 "$dumpvars", 2'sb01, S_0x1c58e40;
    %set/v v0x1c90900_0, 0, 1;
    %set/v v0x1c90a50_0, 1, 1;
    %delay 10, 0;
    %set/v v0x1c90a50_0, 0, 1;
    %delay 200, 0;
    %set/v v0x1c90a50_0, 1, 1;
    %delay 10, 0;
    %set/v v0x1c90a50_0, 0, 1;
    %delay 50, 0;
    %vpi_call 2 25 "$finish";
    %end;
    .thread T_4;
    .scope S_0x1c58e40;
T_5 ;
    %delay 5, 0;
    %load/v 8, v0x1c90900_0, 1;
    %inv 8, 1;
    %set/v v0x1c90900_0, 8, 1;
    %jmp T_5;
    .thread T_5;
# The file index is used to find the file name in the following table.
:file_names 4;
    "N/A";
    "<interactive>";
    "testbench.sv";
    "design.sv";
